{"contracts/TrendsSharesV1.sol":{"l":{"67":51,"71":33,"72":31,"73":31,"74":31,"78":29,"82":60,"83":60,"84":60,"85":58,"86":58,"87":58,"88":58,"90":56,"91":56,"92":56,"93":56,"94":56,"95":56,"96":24,"97":22,"102":14,"103":14,"104":12,"105":10,"106":10,"107":10,"108":10,"110":8,"111":8,"112":8,"113":8,"114":8,"115":8,"116":7,"117":7,"122":77,"123":77,"124":76,"125":76,"129":2,"133":3,"137":1,"138":1,"139":1,"143":2,"144":2,"145":2,"149":71,"150":71,"151":71,"152":71,"156":29,"157":9,"159":29,"162":29,"163":9,"168":0,"169":0,"170":0,"171":0,"172":0,"173":0,"177":0,"181":64,"182":55,"184":9,"185":9,"189":9,"190":9,"194":9,"195":9,"196":9,"197":9,"198":9,"202":9,"206":9,"210":11,"211":9,"215":11,"216":9,"220":11,"221":9,"225":11,"226":9},"path":"/Users/fatel/Desktop/trends-social/trends-contract/contracts/TrendsSharesV1.sol","s":{"1":33,"2":31,"3":31,"4":29,"5":60,"6":60,"7":60,"8":58,"9":58,"10":58,"11":58,"12":56,"13":56,"14":56,"15":56,"16":24,"17":22,"18":14,"19":14,"20":12,"21":10,"22":10,"23":10,"24":10,"25":8,"26":8,"27":8,"28":8,"29":7,"30":7,"31":77,"32":77,"33":76,"34":76,"35":2,"36":3,"37":1,"38":1,"39":1,"40":2,"41":2,"42":2,"43":29,"44":9,"45":29,"46":29,"47":9,"48":0,"49":0,"50":0,"51":0,"52":0,"53":0,"54":64,"55":55,"56":9,"57":9,"58":9,"59":9,"60":9,"61":9,"62":11,"63":11,"64":11,"65":11},"b":{"1":[2,31],"2":[0,60],"3":[2,58],"4":[2,56],"5":[24,32],"6":[2,12],"7":[2,10],"8":[2,8],"9":[7,1],"10":[34,43],"11":[33,44],"12":[9,20],"13":[9,20],"14":[9,20],"15":[0,0],"16":[55,9],"17":[55,0],"18":[9,2],"19":[9,2],"20":[11,2],"21":[2,9],"22":[11,2],"23":[2,9],"24":[11,2],"25":[2,9],"26":[11,2],"27":[2,9]},"f":{"1":51,"2":33,"3":29,"4":60,"5":14,"6":77,"7":2,"8":3,"9":1,"10":2,"11":71,"12":29,"13":0,"14":0,"15":64,"16":9,"17":9,"18":9,"19":9,"20":11,"21":11,"22":11,"23":11},"fnMap":{"1":{"name":"constructor","line":66,"loc":{"start":{"line":66,"column":4},"end":{"line":68,"column":4}}},"2":{"name":"createShares","line":70,"loc":{"start":{"line":70,"column":4},"end":{"line":75,"column":4}}},"3":{"name":"buyShares","line":77,"loc":{"start":{"line":77,"column":4},"end":{"line":79,"column":4}}},"4":{"name":"_buyShares","line":81,"loc":{"start":{"line":81,"column":4},"end":{"line":99,"column":4}}},"5":{"name":"sellShares","line":101,"loc":{"start":{"line":101,"column":4},"end":{"line":119,"column":4}}},"6":{"name":"getPrice","line":121,"loc":{"start":{"line":121,"column":4},"end":{"line":126,"column":4}}},"7":{"name":"getBuyPrice","line":128,"loc":{"start":{"line":128,"column":4},"end":{"line":130,"column":4}}},"8":{"name":"getSellPrice","line":132,"loc":{"start":{"line":132,"column":4},"end":{"line":134,"column":4}}},"9":{"name":"getBuyPriceAfterFee","line":136,"loc":{"start":{"line":136,"column":4},"end":{"line":140,"column":4}}},"10":{"name":"getSellPriceAfterFee","line":142,"loc":{"start":{"line":142,"column":4},"end":{"line":146,"column":4}}},"11":{"name":"_getFees","line":148,"loc":{"start":{"line":148,"column":4},"end":{"line":153,"column":4}}},"12":{"name":"_collectFees","line":155,"loc":{"start":{"line":155,"column":4},"end":{"line":165,"column":4}}},"13":{"name":"withdrawReward","line":167,"loc":{"start":{"line":167,"column":4},"end":{"line":174,"column":4}}},"14":{"name":"getReward","line":176,"loc":{"start":{"line":176,"column":4},"end":{"line":178,"column":4}}},"15":{"name":"_updateSharesReward","line":180,"loc":{"start":{"line":180,"column":4},"end":{"line":186,"column":4}}},"16":{"name":"_updateHolderReward","line":188,"loc":{"start":{"line":188,"column":4},"end":{"line":191,"column":4}}},"17":{"name":"_getHolderReward","line":193,"loc":{"start":{"line":193,"column":4},"end":{"line":199,"column":4}}},"18":{"name":"setProtocolFeeDestination","line":201,"loc":{"start":{"line":201,"column":4},"end":{"line":203,"column":4}}},"19":{"name":"setLpFarmingAddress","line":205,"loc":{"start":{"line":205,"column":4},"end":{"line":207,"column":4}}},"20":{"name":"setProtocolFeePercent","line":209,"loc":{"start":{"line":209,"column":4},"end":{"line":212,"column":4}}},"21":{"name":"setLpFarmingFeePercent","line":214,"loc":{"start":{"line":214,"column":4},"end":{"line":217,"column":4}}},"22":{"name":"setCreatorFeePercent","line":219,"loc":{"start":{"line":219,"column":4},"end":{"line":222,"column":4}}},"23":{"name":"setHolderFeePercent","line":224,"loc":{"start":{"line":224,"column":4},"end":{"line":227,"column":4}}}},"statementMap":{"1":{"start":{"line":71,"column":8},"end":{"line":71,"column":71}},"2":{"start":{"line":73,"column":8},"end":{"line":73,"column":40}},"3":{"start":{"line":74,"column":8},"end":{"line":74,"column":44}},"4":{"start":{"line":78,"column":8},"end":{"line":78,"column":58}},"5":{"start":{"line":82,"column":8},"end":{"line":82,"column":46}},"6":{"start":{"line":83,"column":8},"end":{"line":83,"column":54}},"7":{"start":{"line":84,"column":8},"end":{"line":84,"column":87}},"8":{"start":{"line":85,"column":8},"end":{"line":85,"column":48}},"9":{"start":{"line":86,"column":8},"end":{"line":86,"column":108}},"10":{"start":{"line":87,"column":8},"end":{"line":87,"column":91}},"11":{"start":{"line":88,"column":8},"end":{"line":88,"column":67}},"12":{"start":{"line":90,"column":8},"end":{"line":90,"column":57}},"13":{"start":{"line":92,"column":8},"end":{"line":92,"column":45}},"14":{"start":{"line":94,"column":8},"end":{"line":94,"column":122}},"15":{"start":{"line":95,"column":8},"end":{"line":95,"column":3393}},"16":{"start":{"line":96,"column":12},"end":{"line":96,"column":76}},"17":{"start":{"line":97,"column":12},"end":{"line":97,"column":71}},"18":{"start":{"line":102,"column":8},"end":{"line":102,"column":46}},"19":{"start":{"line":103,"column":8},"end":{"line":103,"column":58}},"20":{"start":{"line":104,"column":8},"end":{"line":104,"column":84}},"21":{"start":{"line":105,"column":8},"end":{"line":105,"column":57}},"22":{"start":{"line":106,"column":8},"end":{"line":106,"column":108}},"23":{"start":{"line":107,"column":8},"end":{"line":107,"column":92}},"24":{"start":{"line":108,"column":8},"end":{"line":108,"column":70}},"25":{"start":{"line":110,"column":8},"end":{"line":110,"column":58}},"26":{"start":{"line":112,"column":8},"end":{"line":112,"column":45}},"27":{"start":{"line":114,"column":8},"end":{"line":114,"column":124}},"28":{"start":{"line":115,"column":8},"end":{"line":115,"column":4626}},"29":{"start":{"line":116,"column":12},"end":{"line":116,"column":57}},"30":{"start":{"line":117,"column":12},"end":{"line":117,"column":71}},"31":{"start":{"line":122,"column":8},"end":{"line":122,"column":95}},"32":{"start":{"line":123,"column":8},"end":{"line":123,"column":137}},"33":{"start":{"line":124,"column":8},"end":{"line":124,"column":39}},"34":{"start":{"line":125,"column":8},"end":{"line":125,"column":44}},"35":{"start":{"line":129,"column":8},"end":{"line":129,"column":54}},"36":{"start":{"line":133,"column":8},"end":{"line":133,"column":63}},"37":{"start":{"line":137,"column":8},"end":{"line":137,"column":52}},"38":{"start":{"line":138,"column":8},"end":{"line":138,"column":108}},"39":{"start":{"line":139,"column":8},"end":{"line":139,"column":74}},"40":{"start":{"line":143,"column":8},"end":{"line":143,"column":53}},"41":{"start":{"line":144,"column":8},"end":{"line":144,"column":108}},"42":{"start":{"line":145,"column":8},"end":{"line":145,"column":74}},"43":{"start":{"line":156,"column":8},"end":{"line":156,"column":6742}},"44":{"start":{"line":157,"column":12},"end":{"line":157,"column":67}},"45":{"start":{"line":159,"column":8},"end":{"line":159,"column":6853}},"46":{"start":{"line":162,"column":8},"end":{"line":162,"column":6914}},"47":{"start":{"line":163,"column":12},"end":{"line":163,"column":66}},"48":{"start":{"line":168,"column":8},"end":{"line":168,"column":47}},"49":{"start":{"line":169,"column":8},"end":{"line":169,"column":71}},"50":{"start":{"line":170,"column":8},"end":{"line":170,"column":43}},"51":{"start":{"line":172,"column":8},"end":{"line":172,"column":56}},"52":{"start":{"line":173,"column":8},"end":{"line":173,"column":46}},"53":{"start":{"line":177,"column":8},"end":{"line":177,"column":48}},"54":{"start":{"line":181,"column":8},"end":{"line":181,"column":7671}},"55":{"start":{"line":182,"column":12},"end":{"line":182,"column":18}},"56":{"start":{"line":185,"column":8},"end":{"line":185,"column":43}},"57":{"start":{"line":194,"column":8},"end":{"line":194,"column":62}},"58":{"start":{"line":195,"column":8},"end":{"line":195,"column":62}},"59":{"start":{"line":196,"column":8},"end":{"line":196,"column":91}},"60":{"start":{"line":197,"column":8},"end":{"line":197,"column":73}},"61":{"start":{"line":198,"column":8},"end":{"line":198,"column":97}},"62":{"start":{"line":210,"column":8},"end":{"line":210,"column":66}},"63":{"start":{"line":215,"column":8},"end":{"line":215,"column":67}},"64":{"start":{"line":220,"column":8},"end":{"line":220,"column":65}},"65":{"start":{"line":225,"column":8},"end":{"line":225,"column":64}}},"branchMap":{"1":{"line":71,"type":"if","locations":[{"start":{"line":71,"column":8},"end":{"line":71,"column":8}},{"start":{"line":71,"column":8},"end":{"line":71,"column":8}}]},"2":{"line":83,"type":"if","locations":[{"start":{"line":83,"column":8},"end":{"line":83,"column":8}},{"start":{"line":83,"column":8},"end":{"line":83,"column":8}}]},"3":{"line":84,"type":"if","locations":[{"start":{"line":84,"column":8},"end":{"line":84,"column":8}},{"start":{"line":84,"column":8},"end":{"line":84,"column":8}}]},"4":{"line":88,"type":"if","locations":[{"start":{"line":88,"column":8},"end":{"line":88,"column":8}},{"start":{"line":88,"column":8},"end":{"line":88,"column":8}}]},"5":{"line":95,"type":"if","locations":[{"start":{"line":95,"column":8},"end":{"line":95,"column":8}},{"start":{"line":95,"column":8},"end":{"line":95,"column":8}}]},"6":{"line":103,"type":"if","locations":[{"start":{"line":103,"column":8},"end":{"line":103,"column":8}},{"start":{"line":103,"column":8},"end":{"line":103,"column":8}}]},"7":{"line":104,"type":"if","locations":[{"start":{"line":104,"column":8},"end":{"line":104,"column":8}},{"start":{"line":104,"column":8},"end":{"line":104,"column":8}}]},"8":{"line":108,"type":"if","locations":[{"start":{"line":108,"column":8},"end":{"line":108,"column":8}},{"start":{"line":108,"column":8},"end":{"line":108,"column":8}}]},"9":{"line":115,"type":"if","locations":[{"start":{"line":115,"column":8},"end":{"line":115,"column":8}},{"start":{"line":115,"column":8},"end":{"line":115,"column":8}}]},"10":{"line":122,"type":"if","locations":[{"start":{"line":122,"column":37},"end":{"line":122,"column":37}},{"start":{"line":122,"column":41},"end":{"line":122,"column":94}}]},"11":{"line":123,"type":"if","locations":[{"start":{"line":123,"column":52},"end":{"line":123,"column":52}},{"start":{"line":123,"column":56},"end":{"line":123,"column":136}}]},"12":{"line":156,"type":"if","locations":[{"start":{"line":156,"column":8},"end":{"line":156,"column":8}},{"start":{"line":156,"column":8},"end":{"line":156,"column":8}}]},"13":{"line":159,"type":"if","locations":[{"start":{"line":159,"column":8},"end":{"line":159,"column":8}},{"start":{"line":159,"column":8},"end":{"line":159,"column":8}}]},"14":{"line":162,"type":"if","locations":[{"start":{"line":162,"column":8},"end":{"line":162,"column":8}},{"start":{"line":162,"column":8},"end":{"line":162,"column":8}}]},"15":{"line":170,"type":"if","locations":[{"start":{"line":170,"column":8},"end":{"line":170,"column":8}},{"start":{"line":170,"column":8},"end":{"line":170,"column":8}}]},"16":{"line":181,"type":"if","locations":[{"start":{"line":181,"column":8},"end":{"line":181,"column":8}},{"start":{"line":181,"column":8},"end":{"line":181,"column":8}}]},"17":{"line":181,"type":"cond-expr","locations":[{"start":{"line":181,"column":12},"end":{"line":181,"column":25}},{"start":{"line":181,"column":30},"end":{"line":181,"column":55}}]},"18":{"line":201,"type":"if","locations":[{"start":{"line":201,"column":81},"end":{"line":201,"column":81}},{"start":{"line":201,"column":81},"end":{"line":201,"column":81}}]},"19":{"line":205,"type":"if","locations":[{"start":{"line":205,"column":69},"end":{"line":205,"column":69}},{"start":{"line":205,"column":69},"end":{"line":205,"column":69}}]},"20":{"line":209,"type":"if","locations":[{"start":{"line":209,"column":73},"end":{"line":209,"column":73}},{"start":{"line":209,"column":73},"end":{"line":209,"column":73}}]},"21":{"line":210,"type":"if","locations":[{"start":{"line":210,"column":8},"end":{"line":210,"column":8}},{"start":{"line":210,"column":8},"end":{"line":210,"column":8}}]},"22":{"line":214,"type":"if","locations":[{"start":{"line":214,"column":75},"end":{"line":214,"column":75}},{"start":{"line":214,"column":75},"end":{"line":214,"column":75}}]},"23":{"line":215,"type":"if","locations":[{"start":{"line":215,"column":8},"end":{"line":215,"column":8}},{"start":{"line":215,"column":8},"end":{"line":215,"column":8}}]},"24":{"line":219,"type":"if","locations":[{"start":{"line":219,"column":71},"end":{"line":219,"column":71}},{"start":{"line":219,"column":71},"end":{"line":219,"column":71}}]},"25":{"line":220,"type":"if","locations":[{"start":{"line":220,"column":8},"end":{"line":220,"column":8}},{"start":{"line":220,"column":8},"end":{"line":220,"column":8}}]},"26":{"line":224,"type":"if","locations":[{"start":{"line":224,"column":69},"end":{"line":224,"column":69}},{"start":{"line":224,"column":69},"end":{"line":224,"column":69}}]},"27":{"line":225,"type":"if","locations":[{"start":{"line":225,"column":8},"end":{"line":225,"column":8}},{"start":{"line":225,"column":8},"end":{"line":225,"column":8}}]}}},"contracts/TrendsToken.sol":{"l":{"8":0},"path":"/Users/fatel/Desktop/trends-social/trends-contract/contracts/TrendsToken.sol","s":{"1":0},"b":{},"f":{"1":0},"fnMap":{"1":{"name":"constructor","line":7,"loc":{"start":{"line":7,"column":4},"end":{"line":9,"column":4}}}},"statementMap":{"1":{"start":{"line":8,"column":8},"end":{"line":8,"column":41}}},"branchMap":{}}}