{"contracts/TrendsSharesV1.sol":{"l":{"57":49,"61":31,"62":29,"63":29,"64":29,"68":26,"72":55,"73":55,"74":53,"75":53,"77":53,"78":53,"79":53,"80":53,"81":53,"82":53,"83":23,"84":21,"89":12,"90":12,"91":10,"92":10,"93":10,"95":8,"96":8,"97":8,"98":8,"99":8,"100":8,"101":7,"102":7,"107":72,"108":72,"109":71,"110":71,"114":2,"118":3,"122":1,"123":1,"124":1,"128":2,"129":2,"130":2,"134":66,"135":66,"136":66,"137":66,"141":28,"142":9,"144":28,"147":28,"148":9,"153":0,"154":0,"155":0,"156":0,"157":0,"158":0,"162":0,"166":61,"167":52,"169":9,"170":9,"174":9,"175":9,"179":9,"180":9,"181":9,"182":9,"183":9,"187":9,"191":9,"195":11,"196":9,"200":11,"201":9,"205":11,"206":9,"210":11,"211":9},"path":"/Users/fatel/Desktop/trends-social/trends-contract/contracts/TrendsSharesV1.sol","s":{"1":31,"2":29,"3":29,"4":26,"5":55,"6":55,"7":53,"8":53,"9":53,"10":53,"11":53,"12":53,"13":23,"14":21,"15":12,"16":12,"17":10,"18":10,"19":10,"20":8,"21":8,"22":8,"23":8,"24":7,"25":7,"26":72,"27":72,"28":71,"29":71,"30":2,"31":3,"32":1,"33":1,"34":1,"35":2,"36":2,"37":2,"38":28,"39":9,"40":28,"41":28,"42":9,"43":0,"44":0,"45":0,"46":0,"47":0,"48":0,"49":61,"50":52,"51":9,"52":9,"53":9,"54":9,"55":9,"56":9,"57":11,"58":11,"59":11,"60":11},"b":{"1":[29,2],"2":[53,2],"3":[24,29],"4":[23,30],"5":[10,2],"6":[8,2],"7":[7,1],"8":[32,40],"9":[31,41],"10":[9,19],"11":[9,19],"12":[9,19],"13":[0,0],"14":[52,9],"15":[52,0],"16":[9,2],"17":[9,2],"18":[11,2],"19":[9,2],"20":[11,2],"21":[9,2],"22":[11,2],"23":[9,2],"24":[11,2],"25":[9,2]},"f":{"1":49,"2":31,"3":26,"4":55,"5":12,"6":72,"7":2,"8":3,"9":1,"10":2,"11":66,"12":28,"13":0,"14":0,"15":61,"16":9,"17":9,"18":9,"19":9,"20":11,"21":11,"22":11,"23":11},"fnMap":{"1":{"name":"constructor","line":56,"loc":{"start":{"line":56,"column":4},"end":{"line":58,"column":4}}},"2":{"name":"createShares","line":60,"loc":{"start":{"line":60,"column":4},"end":{"line":65,"column":4}}},"3":{"name":"buyShares","line":67,"loc":{"start":{"line":67,"column":4},"end":{"line":69,"column":4}}},"4":{"name":"_buyShares","line":71,"loc":{"start":{"line":71,"column":4},"end":{"line":86,"column":4}}},"5":{"name":"sellShares","line":88,"loc":{"start":{"line":88,"column":4},"end":{"line":104,"column":4}}},"6":{"name":"getPrice","line":106,"loc":{"start":{"line":106,"column":4},"end":{"line":111,"column":4}}},"7":{"name":"getBuyPrice","line":113,"loc":{"start":{"line":113,"column":4},"end":{"line":115,"column":4}}},"8":{"name":"getSellPrice","line":117,"loc":{"start":{"line":117,"column":4},"end":{"line":119,"column":4}}},"9":{"name":"getBuyPriceAfterFee","line":121,"loc":{"start":{"line":121,"column":4},"end":{"line":125,"column":4}}},"10":{"name":"getSellPriceAfterFee","line":127,"loc":{"start":{"line":127,"column":4},"end":{"line":131,"column":4}}},"11":{"name":"_getFees","line":133,"loc":{"start":{"line":133,"column":4},"end":{"line":138,"column":4}}},"12":{"name":"_collectFees","line":140,"loc":{"start":{"line":140,"column":4},"end":{"line":150,"column":4}}},"13":{"name":"withdrawReward","line":152,"loc":{"start":{"line":152,"column":4},"end":{"line":159,"column":4}}},"14":{"name":"getReward","line":161,"loc":{"start":{"line":161,"column":4},"end":{"line":163,"column":4}}},"15":{"name":"_updateSharesReward","line":165,"loc":{"start":{"line":165,"column":4},"end":{"line":171,"column":4}}},"16":{"name":"_updateHolderReward","line":173,"loc":{"start":{"line":173,"column":4},"end":{"line":176,"column":4}}},"17":{"name":"_getHolderReward","line":178,"loc":{"start":{"line":178,"column":4},"end":{"line":184,"column":4}}},"18":{"name":"setProtocolFeeDestination","line":186,"loc":{"start":{"line":186,"column":4},"end":{"line":188,"column":4}}},"19":{"name":"setLpFarmingAddress","line":190,"loc":{"start":{"line":190,"column":4},"end":{"line":192,"column":4}}},"20":{"name":"setProtocolFeePercent","line":194,"loc":{"start":{"line":194,"column":4},"end":{"line":197,"column":4}}},"21":{"name":"setLpFarmingFeePercent","line":199,"loc":{"start":{"line":199,"column":4},"end":{"line":202,"column":4}}},"22":{"name":"setCreatorFeePercent","line":204,"loc":{"start":{"line":204,"column":4},"end":{"line":207,"column":4}}},"23":{"name":"setHolderFeePercent","line":209,"loc":{"start":{"line":209,"column":4},"end":{"line":212,"column":4}}}},"statementMap":{"1":{"start":{"line":61,"column":8},"end":{"line":61,"column":69}},"2":{"start":{"line":63,"column":8},"end":{"line":63,"column":40}},"3":{"start":{"line":64,"column":8},"end":{"line":64,"column":41}},"4":{"start":{"line":68,"column":8},"end":{"line":68,"column":45}},"5":{"start":{"line":72,"column":8},"end":{"line":72,"column":46}},"6":{"start":{"line":73,"column":8},"end":{"line":73,"column":101}},"7":{"start":{"line":74,"column":8},"end":{"line":74,"column":48}},"8":{"start":{"line":75,"column":8},"end":{"line":75,"column":108}},"9":{"start":{"line":77,"column":8},"end":{"line":77,"column":57}},"10":{"start":{"line":79,"column":8},"end":{"line":79,"column":45}},"11":{"start":{"line":81,"column":8},"end":{"line":81,"column":122}},"12":{"start":{"line":82,"column":8},"end":{"line":82,"column":2876}},"13":{"start":{"line":83,"column":12},"end":{"line":83,"column":122}},"14":{"start":{"line":84,"column":12},"end":{"line":84,"column":71}},"15":{"start":{"line":89,"column":8},"end":{"line":89,"column":46}},"16":{"start":{"line":90,"column":8},"end":{"line":90,"column":61}},"17":{"start":{"line":91,"column":8},"end":{"line":91,"column":57}},"18":{"start":{"line":92,"column":8},"end":{"line":92,"column":108}},"19":{"start":{"line":93,"column":8},"end":{"line":93,"column":83}},"20":{"start":{"line":95,"column":8},"end":{"line":95,"column":58}},"21":{"start":{"line":97,"column":8},"end":{"line":97,"column":45}},"22":{"start":{"line":99,"column":8},"end":{"line":99,"column":124}},"23":{"start":{"line":100,"column":8},"end":{"line":100,"column":3971}},"24":{"start":{"line":101,"column":12},"end":{"line":101,"column":102}},"25":{"start":{"line":102,"column":12},"end":{"line":102,"column":71}},"26":{"start":{"line":107,"column":8},"end":{"line":107,"column":95}},"27":{"start":{"line":108,"column":8},"end":{"line":108,"column":137}},"28":{"start":{"line":109,"column":8},"end":{"line":109,"column":39}},"29":{"start":{"line":110,"column":8},"end":{"line":110,"column":44}},"30":{"start":{"line":114,"column":8},"end":{"line":114,"column":54}},"31":{"start":{"line":118,"column":8},"end":{"line":118,"column":63}},"32":{"start":{"line":122,"column":8},"end":{"line":122,"column":52}},"33":{"start":{"line":123,"column":8},"end":{"line":123,"column":108}},"34":{"start":{"line":124,"column":8},"end":{"line":124,"column":74}},"35":{"start":{"line":128,"column":8},"end":{"line":128,"column":53}},"36":{"start":{"line":129,"column":8},"end":{"line":129,"column":108}},"37":{"start":{"line":130,"column":8},"end":{"line":130,"column":74}},"38":{"start":{"line":141,"column":8},"end":{"line":141,"column":6132}},"39":{"start":{"line":142,"column":12},"end":{"line":142,"column":67}},"40":{"start":{"line":144,"column":8},"end":{"line":144,"column":6243}},"41":{"start":{"line":147,"column":8},"end":{"line":147,"column":6304}},"42":{"start":{"line":148,"column":12},"end":{"line":148,"column":66}},"43":{"start":{"line":153,"column":8},"end":{"line":153,"column":47}},"44":{"start":{"line":154,"column":8},"end":{"line":154,"column":71}},"45":{"start":{"line":155,"column":8},"end":{"line":155,"column":40}},"46":{"start":{"line":157,"column":8},"end":{"line":157,"column":56}},"47":{"start":{"line":158,"column":8},"end":{"line":158,"column":46}},"48":{"start":{"line":162,"column":8},"end":{"line":162,"column":48}},"49":{"start":{"line":166,"column":8},"end":{"line":166,"column":7059}},"50":{"start":{"line":167,"column":12},"end":{"line":167,"column":18}},"51":{"start":{"line":170,"column":8},"end":{"line":170,"column":43}},"52":{"start":{"line":179,"column":8},"end":{"line":179,"column":62}},"53":{"start":{"line":180,"column":8},"end":{"line":180,"column":62}},"54":{"start":{"line":181,"column":8},"end":{"line":181,"column":91}},"55":{"start":{"line":182,"column":8},"end":{"line":182,"column":73}},"56":{"start":{"line":183,"column":8},"end":{"line":183,"column":97}},"57":{"start":{"line":195,"column":8},"end":{"line":195,"column":75}},"58":{"start":{"line":200,"column":8},"end":{"line":200,"column":77}},"59":{"start":{"line":205,"column":8},"end":{"line":205,"column":73}},"60":{"start":{"line":210,"column":8},"end":{"line":210,"column":71}}},"branchMap":{"1":{"line":61,"type":"if","locations":[{"start":{"line":61,"column":8},"end":{"line":61,"column":8}},{"start":{"line":61,"column":8},"end":{"line":61,"column":8}}]},"2":{"line":73,"type":"if","locations":[{"start":{"line":73,"column":8},"end":{"line":73,"column":8}},{"start":{"line":73,"column":8},"end":{"line":73,"column":8}}]},"3":{"line":73,"type":"cond-expr","locations":[{"start":{"line":73,"column":16},"end":{"line":73,"column":25}},{"start":{"line":73,"column":30},"end":{"line":73,"column":64}}]},"4":{"line":82,"type":"if","locations":[{"start":{"line":82,"column":8},"end":{"line":82,"column":8}},{"start":{"line":82,"column":8},"end":{"line":82,"column":8}}]},"5":{"line":90,"type":"if","locations":[{"start":{"line":90,"column":8},"end":{"line":90,"column":8}},{"start":{"line":90,"column":8},"end":{"line":90,"column":8}}]},"6":{"line":93,"type":"if","locations":[{"start":{"line":93,"column":8},"end":{"line":93,"column":8}},{"start":{"line":93,"column":8},"end":{"line":93,"column":8}}]},"7":{"line":100,"type":"if","locations":[{"start":{"line":100,"column":8},"end":{"line":100,"column":8}},{"start":{"line":100,"column":8},"end":{"line":100,"column":8}}]},"8":{"line":107,"type":"if","locations":[{"start":{"line":107,"column":37},"end":{"line":107,"column":37}},{"start":{"line":107,"column":41},"end":{"line":107,"column":94}}]},"9":{"line":108,"type":"if","locations":[{"start":{"line":108,"column":52},"end":{"line":108,"column":52}},{"start":{"line":108,"column":56},"end":{"line":108,"column":136}}]},"10":{"line":141,"type":"if","locations":[{"start":{"line":141,"column":8},"end":{"line":141,"column":8}},{"start":{"line":141,"column":8},"end":{"line":141,"column":8}}]},"11":{"line":144,"type":"if","locations":[{"start":{"line":144,"column":8},"end":{"line":144,"column":8}},{"start":{"line":144,"column":8},"end":{"line":144,"column":8}}]},"12":{"line":147,"type":"if","locations":[{"start":{"line":147,"column":8},"end":{"line":147,"column":8}},{"start":{"line":147,"column":8},"end":{"line":147,"column":8}}]},"13":{"line":155,"type":"if","locations":[{"start":{"line":155,"column":8},"end":{"line":155,"column":8}},{"start":{"line":155,"column":8},"end":{"line":155,"column":8}}]},"14":{"line":166,"type":"if","locations":[{"start":{"line":166,"column":8},"end":{"line":166,"column":8}},{"start":{"line":166,"column":8},"end":{"line":166,"column":8}}]},"15":{"line":166,"type":"cond-expr","locations":[{"start":{"line":166,"column":12},"end":{"line":166,"column":25}},{"start":{"line":166,"column":30},"end":{"line":166,"column":55}}]},"16":{"line":186,"type":"if","locations":[{"start":{"line":186,"column":81},"end":{"line":186,"column":81}},{"start":{"line":186,"column":81},"end":{"line":186,"column":81}}]},"17":{"line":190,"type":"if","locations":[{"start":{"line":190,"column":69},"end":{"line":190,"column":69}},{"start":{"line":190,"column":69},"end":{"line":190,"column":69}}]},"18":{"line":194,"type":"if","locations":[{"start":{"line":194,"column":73},"end":{"line":194,"column":73}},{"start":{"line":194,"column":73},"end":{"line":194,"column":73}}]},"19":{"line":195,"type":"if","locations":[{"start":{"line":195,"column":8},"end":{"line":195,"column":8}},{"start":{"line":195,"column":8},"end":{"line":195,"column":8}}]},"20":{"line":199,"type":"if","locations":[{"start":{"line":199,"column":75},"end":{"line":199,"column":75}},{"start":{"line":199,"column":75},"end":{"line":199,"column":75}}]},"21":{"line":200,"type":"if","locations":[{"start":{"line":200,"column":8},"end":{"line":200,"column":8}},{"start":{"line":200,"column":8},"end":{"line":200,"column":8}}]},"22":{"line":204,"type":"if","locations":[{"start":{"line":204,"column":71},"end":{"line":204,"column":71}},{"start":{"line":204,"column":71},"end":{"line":204,"column":71}}]},"23":{"line":205,"type":"if","locations":[{"start":{"line":205,"column":8},"end":{"line":205,"column":8}},{"start":{"line":205,"column":8},"end":{"line":205,"column":8}}]},"24":{"line":209,"type":"if","locations":[{"start":{"line":209,"column":69},"end":{"line":209,"column":69}},{"start":{"line":209,"column":69},"end":{"line":209,"column":69}}]},"25":{"line":210,"type":"if","locations":[{"start":{"line":210,"column":8},"end":{"line":210,"column":8}},{"start":{"line":210,"column":8},"end":{"line":210,"column":8}}]}}},"contracts/TrendsToken.sol":{"l":{"8":49},"path":"/Users/fatel/Desktop/trends-social/trends-contract/contracts/TrendsToken.sol","s":{"1":49},"b":{},"f":{"1":49},"fnMap":{"1":{"name":"constructor","line":7,"loc":{"start":{"line":7,"column":4},"end":{"line":9,"column":4}}}},"statementMap":{"1":{"start":{"line":8,"column":8},"end":{"line":8,"column":41}}},"branchMap":{}}}